
[12-Apr-2018 11:54:51 UTC] PHP Parse error:  syntax error, unexpected 'public' (T_PUBLIC) in /var/www/html/vkartel/www/catalog/model/catalog/product.php on line 253
[29-May-2018 01:03:46 UTC] PHP Fatal error:  Uncaught Error: Call to a member function getCustomerGroup() on null in /var/www/html/vkartel/www/catalog/controller/information/dealers.php:89
Stack trace:
#0 /var/www/html/vkartel/www/system/engine/action.php(79): ControllerInformationDealers->index()
#1 /var/www/html/vkartel/www/catalog/controller/startup/router.php(25): Action->execute(Object(Registry))
#2 /var/www/html/vkartel/www/system/engine/action.php(79): ControllerStartupRouter->index()
#3 /var/www/html/vkartel/www/system/engine/router.php(67): Action->execute(Object(Registry))
#4 /var/www/html/vkartel/www/system/engine/router.php(56): Router->execute(Object(Action))
#5 /var/www/html/vkartel/www/system/framework.php(171): Router->dispatch(Object(Action), Object(Action))
#6 /var/www/html/vkartel/www/system/startup.php(104): require_once('/var/www/html/v...')
#7 /var/www/html/vkartel/www/index.php(19): start('catalog')
#8 {main}
  thrown in /var/www/html/vkartel/www/catalog/controller/information/dealers.php on line 89
[29-May-2018 01:08:13 UTC] PHP Fatal error:  Uncaught Error: Call to undefined function adie() in /var/www/html/vkartel/www/catalog/controller/information/dealers.php:105
Stack trace:
#0 /var/www/html/vkartel/www/system/engine/action.php(79): ControllerInformationDealers->index()
#1 /var/www/html/vkartel/www/catalog/controller/startup/router.php(25): Action->execute(Object(Registry))
#2 /var/www/html/vkartel/www/system/engine/action.php(79): ControllerStartupRouter->index()
#3 /var/www/html/vkartel/www/system/engine/router.php(67): Action->execute(Object(Registry))
#4 /var/www/html/vkartel/www/system/engine/router.php(56): Router->execute(Object(Action))
#5 /var/www/html/vkartel/www/system/framework.php(171): Router->dispatch(Object(Action), Object(Action))
#6 /var/www/html/vkartel/www/system/startup.php(104): require_once('/var/www/html/v...')
#7 /var/www/html/vkartel/www/index.php(19): start('catalog')
#8 {main}
  thrown in /var/www/html/vkartel/www/catalog/controller/information/dealers.php on line 105
[29-May-2018 01:09:02 UTC] PHP Fatal error:  Uncaught Error: Call to a member function getName() on array in /var/www/html/vkartel/www/catalog/controller/information/dealers.php:93
Stack trace:
#0 /var/www/html/vkartel/www/system/engine/action.php(79): ControllerInformationDealers->index()
#1 /var/www/html/vkartel/www/catalog/controller/startup/router.php(25): Action->execute(Object(Registry))
#2 /var/www/html/vkartel/www/system/engine/action.php(79): ControllerStartupRouter->index()
#3 /var/www/html/vkartel/www/system/engine/router.php(67): Action->execute(Object(Registry))
#4 /var/www/html/vkartel/www/system/engine/router.php(56): Router->execute(Object(Action))
#5 /var/www/html/vkartel/www/system/framework.php(171): Router->dispatch(Object(Action), Object(Action))
#6 /var/www/html/vkartel/www/system/startup.php(104): require_once('/var/www/html/v...')
#7 /var/www/html/vkartel/www/index.php(19): start('catalog')
#8 {main}
  thrown in /var/www/html/vkartel/www/catalog/controller/information/dealers.php on line 93
[29-May-2018 01:09:14 UTC] PHP Fatal error:  Uncaught Error: Call to a member function getGroupName() on array in /var/www/html/vkartel/www/catalog/controller/information/dealers.php:93
Stack trace:
#0 /var/www/html/vkartel/www/system/engine/action.php(79): ControllerInformationDealers->index()
#1 /var/www/html/vkartel/www/catalog/controller/startup/router.php(25): Action->execute(Object(Registry))
#2 /var/www/html/vkartel/www/system/engine/action.php(79): ControllerStartupRouter->index()
#3 /var/www/html/vkartel/www/system/engine/router.php(67): Action->execute(Object(Registry))
#4 /var/www/html/vkartel/www/system/engine/router.php(56): Router->execute(Object(Action))
#5 /var/www/html/vkartel/www/system/framework.php(171): Router->dispatch(Object(Action), Object(Action))
#6 /var/www/html/vkartel/www/system/startup.php(104): require_once('/var/www/html/v...')
#7 /var/www/html/vkartel/www/index.php(19): start('catalog')
#8 {main}
  thrown in /var/www/html/vkartel/www/catalog/controller/information/dealers.php on line 93
[29-May-2018 01:14:31 UTC] PHP Fatal error:  Uncaught Twig_Error_Syntax: Unexpected token "end of statement block" of value "" in "default/template/information/dealers.twig" at line 83. in /var/www/html/vkartel/storage/vendor/twig/twig/lib/Twig/ExpressionParser.php:190
Stack trace:
#0 /var/www/html/vkartel/storage/vendor/twig/twig/lib/Twig/ExpressionParser.php(84): Twig_ExpressionParser->parsePrimaryExpression()
#1 /var/www/html/vkartel/storage/vendor/twig/twig/lib/Twig/ExpressionParser.php(41): Twig_ExpressionParser->getPrimary()
#2 /var/www/html/vkartel/storage/vendor/twig/twig/lib/Twig/TokenParser/If.php(31): Twig_ExpressionParser->parseExpression()
#3 /var/www/html/vkartel/storage/vendor/twig/twig/lib/Twig/Parser.php(187): Twig_TokenParser_If->parse(Object(Twig_Token))
#4 /var/www/html/vkartel/storage/vendor/twig/twig/lib/Twig/TokenParser/If.php(34): Twig_Parser->subparse(Array)
#5 /var/www/html/vkartel/storage/vendor/twig/twig/lib/Twig/Parser.php(187): Twig_TokenParser_If->parse(Object(Twig_Token))
#6 /var/www/html/vkartel/storage/vendor/twig/twig/lib/Twig/TokenParser/If.php(34): Twig_Parser->subparse(Array)
#7 /var/www/html/vkartel/storage/vendor/twig/twig/lib/Twig/Parser.php(187): Twig_TokenParser_If->parse(Object(Twig_Token))
#8 /var/www/html/vkartel/storage/vendor/twig/twig/lib/Twig/Parser.php(100): Twig_Parser->subparse(NULL, false)
#9 /var/www/html/vkartel/storage/vendor/twig/twig/lib/Twig/Environment.php(619): Twig_Parser->parse(Object(Twig_TokenStream))
#10 /var/www/html/vkartel/storage/vendor/twig/twig/lib/Twig/Environment.php(671): Twig_Environment->parse(Object(Twig_TokenStream))
#11 /var/www/html/vkartel/storage/vendor/twig/twig/lib/Twig/Environment.php(396): Twig_Environment->compileSource('{{ header }}\n<d...', 'default/templat...')
#12 /var/www/html/vkartel/www/system/library/template/twig.php(29): Twig_Environment->loadTemplate('default/templat...')
#13 /var/www/html/vkartel/www/system/library/template.php(51): Template\Twig->render('default/templat...', '0')
#14 /var/www/html/vkartel/www/system/engine/loader.php(125): Template->render('default/templat...', '0')
#15 /var/www/html/vkartel/www/catalog/controller/information/dealers.php(104): Loader->view('information/dea...', Array)
#16 /var/www/html/vkartel/www/system/engine/action.php(79): ControllerInformationDealers->index()
#17 /var/www/html/vkartel/www/catalog/controller/startup/router.php(25): Action->execute(Object(Registry))
#18 /var/www/html/vkartel/www/system/engine/action.php(79): ControllerStartupRouter->index()
#19 /var/www/html/vkartel/www/system/engine/router.php(67): Action->execute(Object(Registry))
#20 /var/www/html/vkartel/www/system/engine/router.php(56): Router->execute(Object(Action))
#21 /var/www/html/vkartel/www/system/framework.php(171): Router->dispatch(Object(Action), Object(Action))
#22 /var/www/html/vkartel/www/system/startup.php(104): require_once('/var/www/html/v...')
#23 /var/www/html/vkartel/www/index.php(19): start('catalog')
#24 {main}
  thrown in /var/www/html/vkartel/storage/vendor/twig/twig/lib/Twig/ExpressionParser.php on line 190
