
[22-Nov-2017 05:56:03 UTC] PHP Fatal error:  Uncaught exception 'Twig_Error_Syntax' with message 'Unexpected "endif" tag (expecting closing tag for the "for" tag defined near line 62) in "default/template/extension/module/category.twig" at line 67.' in /var/www/html/vkartel.dev/storage/vendor/twig/twig/lib/Twig/Parser.php:172
Stack trace:
#0 /var/www/html/vkartel.dev/storage/vendor/twig/twig/lib/Twig/TokenParser/For.php(40): Twig_Parser->subparse(Array)
#1 /var/www/html/vkartel.dev/storage/vendor/twig/twig/lib/Twig/Parser.php(187): Twig_TokenParser_For->parse(Object(Twig_Token))
#2 /var/www/html/vkartel.dev/storage/vendor/twig/twig/lib/Twig/TokenParser/For.php(40): Twig_Parser->subparse(Array)
#3 /var/www/html/vkartel.dev/storage/vendor/twig/twig/lib/Twig/Parser.php(187): Twig_TokenParser_For->parse(Object(Twig_Token))
#4 /var/www/html/vkartel.dev/storage/vendor/twig/twig/lib/Twig/Parser.php(100): Twig_Parser->subparse(NULL, false)
#5 /var/www/html/vkartel.dev/storage/vendor/twig/twig/lib/Twig/Environment.php(619): Twig_Parser->parse(Object(Twig_TokenSt in /var/www/html/vkartel.dev/storage/vendor/twig/twig/lib/Twig/Parser.php on line 172
[23-Nov-2017 03:36:30 UTC] PHP Parse error:  syntax error, unexpected '$this' (T_VARIABLE), expecting function (T_FUNCTION) in /var/www/html/vkartel.dev/upload/catalog/controller/api/product_to_csv.php on line 25
[23-Nov-2017 03:36:30 UTC] PHP Stack trace:
[23-Nov-2017 03:36:30 UTC] PHP   1. {main}() /var/www/html/vkartel.dev/upload/index.php:0
[23-Nov-2017 03:36:30 UTC] PHP   2. start() /var/www/html/vkartel.dev/upload/index.php:19
[23-Nov-2017 03:36:30 UTC] PHP   3. require_once() /var/www/html/vkartel.dev/upload/system/startup.php:104
[23-Nov-2017 03:36:30 UTC] PHP   4. Router->dispatch() /var/www/html/vkartel.dev/upload/system/framework.php:170
[23-Nov-2017 03:36:30 UTC] PHP   5. Router->execute() /var/www/html/vkartel.dev/upload/system/engine/router.php:56
[23-Nov-2017 03:36:30 UTC] PHP   6. Action->execute() /var/www/html/vkartel.dev/upload/system/engine/router.php:67
[23-Nov-2017 03:36:30 UTC] PHP   7. call_user_func_array:{/var/www/html/vkartel.dev/upload/system/engine/action.php:79}() /var/www/html/vkartel.dev/upload/system/engine/action.php:79
[23-Nov-2017 03:36:30 UTC] PHP   8. ControllerStartupRouter->index() /var/www/html/vkartel.dev/upload/system/engine/action.php:79
[23-Nov-2017 03:36:30 UTC] PHP   9. Action->execute() /var/www/html/vkartel.dev/upload/catalog/controller/startup/router.php:25
[23-Nov-2017 03:36:43 UTC] PHP Parse error:  syntax error, unexpected '$this' (T_VARIABLE), expecting function (T_FUNCTION) in /var/www/html/vkartel.dev/upload/catalog/controller/api/product_to_csv.php on line 25
[23-Nov-2017 03:36:43 UTC] PHP Stack trace:
[23-Nov-2017 03:36:43 UTC] PHP   1. {main}() /var/www/html/vkartel.dev/upload/index.php:0
[23-Nov-2017 03:36:43 UTC] PHP   2. start() /var/www/html/vkartel.dev/upload/index.php:19
[23-Nov-2017 03:36:43 UTC] PHP   3. require_once() /var/www/html/vkartel.dev/upload/system/startup.php:104
[23-Nov-2017 03:36:43 UTC] PHP   4. Router->dispatch() /var/www/html/vkartel.dev/upload/system/framework.php:170
[23-Nov-2017 03:36:43 UTC] PHP   5. Router->execute() /var/www/html/vkartel.dev/upload/system/engine/router.php:56
[23-Nov-2017 03:36:43 UTC] PHP   6. Action->execute() /var/www/html/vkartel.dev/upload/system/engine/router.php:67
[23-Nov-2017 03:36:43 UTC] PHP   7. call_user_func_array:{/var/www/html/vkartel.dev/upload/system/engine/action.php:79}() /var/www/html/vkartel.dev/upload/system/engine/action.php:79
[23-Nov-2017 03:36:43 UTC] PHP   8. ControllerStartupRouter->index() /var/www/html/vkartel.dev/upload/system/engine/action.php:79
[23-Nov-2017 03:36:43 UTC] PHP   9. Action->execute() /var/www/html/vkartel.dev/upload/catalog/controller/startup/router.php:25
[23-Nov-2017 07:08:35 UTC] PHP Fatal error:  Uncaught exception 'Twig_Error_Syntax' with message 'Expected endmacro for macro "menuItem" (but "menu" given) in "default/template/extension/module/category.twig" at line 47.' in /var/www/html/vkartel.dev/storage/vendor/twig/twig/lib/Twig/TokenParser/Macro.php:38
Stack trace:
#0 /var/www/html/vkartel.dev/storage/vendor/twig/twig/lib/Twig/Parser.php(187): Twig_TokenParser_Macro->parse(Object(Twig_Token))
#1 /var/www/html/vkartel.dev/storage/vendor/twig/twig/lib/Twig/Parser.php(100): Twig_Parser->subparse(NULL, false)
#2 /var/www/html/vkartel.dev/storage/vendor/twig/twig/lib/Twig/Environment.php(619): Twig_Parser->parse(Object(Twig_TokenStream))
#3 /var/www/html/vkartel.dev/storage/vendor/twig/twig/lib/Twig/Environment.php(671): Twig_Environment->parse(Object(Twig_TokenStream))
#4 /var/www/html/vkartel.dev/storage/vendor/twig/twig/lib/Twig/Environment.php(396): Twig_Environment->compileSource('<div id="sideba...', 'default/templat...')
#5 /var/www/html/vkartel.dev/upload/system/library/template/twig.php(29): T in /var/www/html/vkartel.dev/storage/vendor/twig/twig/lib/Twig/TokenParser/Macro.php on line 38
[23-Nov-2017 07:08:58 UTC] PHP Fatal error:  Uncaught exception 'Twig_Error_Syntax' with message 'Unknown "menuItem" function in "default/template/extension/module/category.twig" at line 53.' in /var/www/html/vkartel.dev/storage/vendor/twig/twig/lib/Twig/ExpressionParser.php:574
Stack trace:
#0 /var/www/html/vkartel.dev/storage/vendor/twig/twig/lib/Twig/ExpressionParser.php(351): Twig_ExpressionParser->getFunctionNodeClass('menuItem', 53)
#1 /var/www/html/vkartel.dev/storage/vendor/twig/twig/lib/Twig/ExpressionParser.php(144): Twig_ExpressionParser->getFunctionNode('menuItem', 53)
#2 /var/www/html/vkartel.dev/storage/vendor/twig/twig/lib/Twig/ExpressionParser.php(84): Twig_ExpressionParser->parsePrimaryExpression()
#3 /var/www/html/vkartel.dev/storage/vendor/twig/twig/lib/Twig/ExpressionParser.php(41): Twig_ExpressionParser->getPrimary()
#4 /var/www/html/vkartel.dev/storage/vendor/twig/twig/lib/Twig/Parser.php(144): Twig_ExpressionParser->parseExpression()
#5 /var/www/html/vkartel.dev/storage/vendor/twig/twig/lib/Twig/TokenParser/If.php(34): Twig_Parser in /var/www/html/vkartel.dev/storage/vendor/twig/twig/lib/Twig/ExpressionParser.php on line 574
[23-Nov-2017 07:09:18 UTC] PHP Fatal error:  Uncaught exception 'Twig_Error_Syntax' with message 'Unexpected "menuItem" tag (expecting closing tag for the "if" tag defined near line 53) in "default/template/extension/module/category.twig" at line 53.' in /var/www/html/vkartel.dev/storage/vendor/twig/twig/lib/Twig/Parser.php:172
Stack trace:
#0 /var/www/html/vkartel.dev/storage/vendor/twig/twig/lib/Twig/TokenParser/If.php(34): Twig_Parser->subparse(Array)
#1 /var/www/html/vkartel.dev/storage/vendor/twig/twig/lib/Twig/Parser.php(187): Twig_TokenParser_If->parse(Object(Twig_Token))
#2 /var/www/html/vkartel.dev/storage/vendor/twig/twig/lib/Twig/TokenParser/For.php(40): Twig_Parser->subparse(Array)
#3 /var/www/html/vkartel.dev/storage/vendor/twig/twig/lib/Twig/Parser.php(187): Twig_TokenParser_For->parse(Object(Twig_Token))
#4 /var/www/html/vkartel.dev/storage/vendor/twig/twig/lib/Twig/Parser.php(100): Twig_Parser->subparse(NULL, false)
#5 /var/www/html/vkartel.dev/storage/vendor/twig/twig/lib/Twig/Environment.php(619): Twig_Parser->parse(Object(Twig_TokenSt in /var/www/html/vkartel.dev/storage/vendor/twig/twig/lib/Twig/Parser.php on line 172
[23-Nov-2017 07:09:53 UTC] PHP Fatal error:  Uncaught exception 'Twig_Error_Syntax' with message 'Unknown "menuItem" function in "default/template/extension/module/category.twig" at line 53.' in /var/www/html/vkartel.dev/storage/vendor/twig/twig/lib/Twig/ExpressionParser.php:574
Stack trace:
#0 /var/www/html/vkartel.dev/storage/vendor/twig/twig/lib/Twig/ExpressionParser.php(351): Twig_ExpressionParser->getFunctionNodeClass('menuItem', 53)
#1 /var/www/html/vkartel.dev/storage/vendor/twig/twig/lib/Twig/ExpressionParser.php(144): Twig_ExpressionParser->getFunctionNode('menuItem', 53)
#2 /var/www/html/vkartel.dev/storage/vendor/twig/twig/lib/Twig/ExpressionParser.php(84): Twig_ExpressionParser->parsePrimaryExpression()
#3 /var/www/html/vkartel.dev/storage/vendor/twig/twig/lib/Twig/ExpressionParser.php(41): Twig_ExpressionParser->getPrimary()
#4 /var/www/html/vkartel.dev/storage/vendor/twig/twig/lib/Twig/Parser.php(144): Twig_ExpressionParser->parseExpression()
#5 /var/www/html/vkartel.dev/storage/vendor/twig/twig/lib/Twig/TokenParser/If.php(34): Twig_Parser in /var/www/html/vkartel.dev/storage/vendor/twig/twig/lib/Twig/ExpressionParser.php on line 574
[23-Nov-2017 07:14:19 UTC] PHP Fatal error:  Uncaught exception 'Twig_Error_Loader' with message 'Unable to find template "category_menu.twig" (looked into: /var/www/html/vkartel.dev/upload/catalog/view/theme) in "default/template/extension/module/category.twig" at line 28.' in /var/www/html/vkartel.dev/storage/vendor/twig/twig/lib/Twig/Loader/Filesystem.php:215
Stack trace:
#0 /var/www/html/vkartel.dev/storage/vendor/twig/twig/lib/Twig/Loader/Filesystem.php(139): Twig_Loader_Filesystem->findTemplate('category_menu.t...')
#1 /var/www/html/vkartel.dev/storage/vendor/twig/twig/lib/Twig/Environment.php(312): Twig_Loader_Filesystem->getCacheKey('category_menu.t...')
#2 /var/www/html/vkartel.dev/storage/vendor/twig/twig/lib/Twig/Environment.php(378): Twig_Environment->getTemplateClass('category_menu.t...', NULL)
#3 /var/www/html/vkartel.dev/storage/vendor/twig/twig/lib/Twig/Template.php(286): Twig_Environment->loadTemplate('category_menu.t...', NULL)
#4 /var/www/html/vkartel.dev/storage/vendor/twig/twig/lib/Twig/Environment.php(403) : eval()'d code(46): Twig in /var/www/html/vkartel.dev/storage/vendor/twig/twig/lib/Twig/Loader/Filesystem.php on line 215
